{"level":"info","message":"Get all user todos5de59d1c26cc05480cbbb69a"}
{"level":"info","message":"Create Todo"}
{"level":"info","message":"Get all user todos5de59d1c26cc05480cbbb69a"}
{"level":"info","message":"Get all user todos5de59d1c26cc05480cbbb69a"}
{"level":"info","message":"Get user %s"}
{"level":"info","message":"Loading Mongoose functionality"}
{"level":"info","message":"Starting Application"}
{"level":"info","message":"Mongoose connected to the database"}
{"level":"info","message":"Get all user todos5de59d1c26cc05480cbbb69a"}
{"level":"info","message":"Get todo %s5debe79ae943ef4d388efd30"}
{"level":"info","message":"Get all user todos5de59d1c26cc05480cbbb69a"}
{"level":"info","message":"Get todo %s5debe7a9e943ef4d388efd31"}
{"level":"info","message":"Get all user todos5de59d1c26cc05480cbbb69a"}
{"level":"info","message":"Get todo %s5debe27c910cd7418852ecbd"}
{"level":"info","message":"Get all user todos5de59d1c26cc05480cbbb69a"}
{"level":"info","message":"Get todo %s5debe0946a1a174d381a7dc7"}
{"level":"info","message":"Get all user todos5de59d1c26cc05480cbbb69a"}
{"level":"info","message":"Get todo %s5debe8b5e943ef4d388efd32"}
{"level":"info","message":"Get all user todos5de59d1c26cc05480cbbb69a"}
{"level":"info","message":"Get todo %s5debe477c0be955254002cb1"}
{"level":"info","message":"Get all user todos5de59d1c26cc05480cbbb69a"}
{"level":"info","message":"Get all user todos5de5b4375ac81316a0065968"}
{"level":"info","message":"Get all user todos5de5b4375ac81316a0065968"}
{"level":"info","message":"Get all user todos5de5b4375ac81316a0065968"}
{"level":"info","message":"Get all user todos5de5b6965ac81316a0065969"}
{"level":"info","message":"Create Todo"}
{"level":"info","message":"Get all user todos5de5b6965ac81316a0065969"}
{"level":"info","message":"Get all user todos5de59d1c26cc05480cbbb69a"}
{"level":"info","message":"Get all user todos5de59d1c26cc05480cbbb69a"}
{"level":"info","message":"Get all user todos5de59d1c26cc05480cbbb69a"}
{"level":"info","message":"Create user"}
{"level":"info","message":"Get all user todos5debf125c43f47146807e702"}
{"level":"info","message":"Get all user todos5debf125c43f47146807e702"}
{"level":"info","message":"Get all user todos5debf125c43f47146807e702"}
{"level":"info","message":"Create Todo"}
{"level":"info","message":"Get all user todos5debf125c43f47146807e702"}
{"level":"info","message":"Get all user todos5debf125c43f47146807e702"}
{"level":"info","message":"Get all user todos5debf125c43f47146807e702"}
{"level":"info","message":"Get all user todos5de59d1c26cc05480cbbb69a"}
{"level":"info","message":"Get all user todos5debf125c43f47146807e702"}
{"level":"info","message":"Get all user todos5debf125c43f47146807e702"}
{"level":"info","message":"Get all user todos5de5b6965ac81316a0065969"}
{"level":"info","message":"Get all user todos5de5b6965ac81316a0065969"}
{"level":"info","message":"Get todo %s5dead0aa6f0e061b1c943bf8"}
{"level":"info","message":"Get all user todos5de5b6965ac81316a0065969"}
{"level":"info","message":"Get todo %s5debf0efc43f47146807e701"}
{"level":"info","message":"Get all user todos5de5b6965ac81316a0065969"}
{"level":"info","message":"Get todo %s5debf0efc43f47146807e701"}
{"level":"info","message":"Get all user todos5de5b6965ac81316a0065969"}
{"level":"info","message":"Get todo %s5debf0efc43f47146807e701"}
{"level":"info","message":"Get all user todos5de5b6965ac81316a0065969"}
{"level":"info","message":"Get todo %s5debf0efc43f47146807e701"}
{"level":"info","message":"Get all user todos5de5b6965ac81316a0065969"}
{"level":"info","message":"Get all user todos5de5b6965ac81316a0065969"}
{"level":"info","message":"Get all user todos5de5b4375ac81316a0065968"}
{"level":"info","message":"Get all user todos5de5b4375ac81316a0065968"}
{"level":"info","message":"Get all user todos5de59d1c26cc05480cbbb69a"}
{"level":"info","message":"Get all user todos5de59d1c26cc05480cbbb69a"}
{"level":"info","message":"Get all user todos5debf125c43f47146807e702"}
{"level":"info","message":"Get all user todos5debf125c43f47146807e702"}
{"level":"info","message":"Get all user todos5debf125c43f47146807e702"}
{"level":"info","message":"Get all user todos5de59d1c26cc05480cbbb69a"}
{"level":"info","message":"Create Todo"}
{"level":"info","message":"Get all user todos5de59d1c26cc05480cbbb69a"}
{"level":"info","message":"Get todo %s5debf454c43f47146807e704"}
{"level":"info","message":"Get all user todos5de59d1c26cc05480cbbb69a"}
{"level":"info","message":"Get todo %s5debe477c0be955254002cb1"}
{"level":"info","message":"Get all user todos5de59d1c26cc05480cbbb69a"}
{"level":"info","message":"Get todo %s5debe227da867434d0644984"}
{"level":"info","message":"Get all user todos5de59d1c26cc05480cbbb69a"}
{"level":"info","message":"Get todo %s5dead01f6f0e061b1c943bf7"}
{"level":"info","message":"Get all user todos5de59d1c26cc05480cbbb69a"}
{"level":"info","message":"Get all user todos5de59d1c26cc05480cbbb69a"}
{"level":"info","message":"Create Todo"}
{"level":"info","message":"Get all user todos5de59d1c26cc05480cbbb69a"}
