{"level":"info","message":"Loading Mongoose functionality"}
{"level":"info","message":"Starting Application"}
{"level":"info","message":"Mongoose connected to the database"}
{"level":"info","message":"Get all user todos5de59d1c26cc05480cbbb69a"}
{"level":"info","message":"Get all user todos5de59d1c26cc05480cbbb69a"}
{"level":"info","message":"Get all user todos5de59d1c26cc05480cbbb69a"}
{"level":"info","message":"Get all user todos5de59d1c26cc05480cbbb69a"}
{"level":"info","message":"Get all user todos5de59d1c26cc05480cbbb69a"}
{"level":"info","message":"Get all user todos5de59d1c26cc05480cbbb69a"}
{"level":"info","message":"Get all user todos5de59d1c26cc05480cbbb69a"}
{"level":"info","message":"Loading Mongoose functionality"}
{"level":"info","message":"Starting Application"}
{"level":"info","message":"Create user"}
{"level":"info","message":"Create user"}
{"level":"info","message":"Get all users"}
{"level":"info","message":"Get user %s"}
{"level":"info","message":"Get user %s"}
{"level":"info","message":"Get user %s"}
{"level":"info","message":"Create Todo"}
{"level":"info","message":"Get all user todos5dec2921b285fc4688d8183c"}
{"level":"info","message":"Get todo %s5dec2922b285fc4688d81845"}
{"level":"info","message":"Get todo %s5dec2922b285fc4688d81846"}
{"level":"info","message":"Get todo %s5dec2922b285fc4688d81847"}
{"level":"info","message":"Loading Mongoose functionality"}
{"level":"info","message":"Starting Application"}
{"level":"info","message":"Create user"}
{"level":"info","message":"Create user"}
{"level":"info","message":"Get all users"}
{"level":"info","message":"Get user %s"}
{"level":"info","message":"Get user %s"}
{"level":"info","message":"Get user %s"}
{"level":"info","message":"Create Todo"}
{"level":"info","message":"Get all user todos5dec2a2ad759eb5508f480f6"}
{"level":"info","message":"Get todo %s5dec2a2bd759eb5508f480ff"}
{"level":"info","message":"Get todo %s5dec2a2bd759eb5508f48100"}
{"level":"info","message":"Get todo %s5dec2a2bd759eb5508f48101"}
